[NotebookApp | WARNING] No nbgrader_config.py file found (rerun with --debug to see where nbgrader is looking)
[NotebookApp | INFO] Loading the validate_assignment nbgrader serverextension
[NotebookApp | INFO] Serving notebooks from local directory: /Fusemachines/Training/Project methodology training/Emotion_detection
[NotebookApp | INFO] The Jupyter Notebook is running at:
[NotebookApp | INFO] http://localhost:8889/?token=ab4c94f066ed16c6baf27332201f94468e65ac85aa05fca0
[NotebookApp | INFO]  or http://127.0.0.1:8889/?token=ab4c94f066ed16c6baf27332201f94468e65ac85aa05fca0
[NotebookApp | INFO] Use Control-C to stop this server and shut down all kernels (twice to skip confirmation).
[NotebookApp | CRITICAL] 
    
    To access the notebook, open this file in a browser:
        file:///home/gr33n/.local/share/jupyter/runtime/nbserver-10665-open.html
    Or copy and paste one of these URLs:
        http://localhost:8889/?token=ab4c94f066ed16c6baf27332201f94468e65ac85aa05fca0
     or http://127.0.0.1:8889/?token=ab4c94f066ed16c6baf27332201f94468e65ac85aa05fca0
[NotebookApp | INFO] Creating new notebook in 
[NotebookApp | INFO] Kernel started: 287f2490-3797-4a1a-a96c-5de9b5c6bb80
[NotebookApp | INFO] Adapting from protocol version 5.1 (kernel 287f2490-3797-4a1a-a96c-5de9b5c6bb80) to 5.3 (client).
[NotebookApp | INFO] Saving file at /01-01-SP-Car_Ads_Processing.ipynb
[NotebookApp | INFO] Saving file at /01-01-SP-Car_Ads_Processing.ipynb
[NotebookApp | INFO] Starting buffering for 287f2490-3797-4a1a-a96c-5de9b5c6bb80:e26c100a2bb648fe997b6c09d2408df5
[NotebookApp | WARNING] No nbgrader_config.py file found (rerun with --debug to see where nbgrader is looking)
[NotebookApp | INFO] Loading the validate_assignment nbgrader serverextension
[NotebookApp | INFO] Serving notebooks from local directory: /Fusemachines/Training/Project methodology training/Emotion_detection
[NotebookApp | INFO] The Jupyter Notebook is running at:
[NotebookApp | INFO] http://localhost:8888/?token=8c2839354ff5a789b764eddf26b34a7b51a800a06e2e5704
[NotebookApp | INFO]  or http://127.0.0.1:8888/?token=8c2839354ff5a789b764eddf26b34a7b51a800a06e2e5704
[NotebookApp | INFO] Use Control-C to stop this server and shut down all kernels (twice to skip confirmation).
[NotebookApp | CRITICAL] 
    
    To access the notebook, open this file in a browser:
        file:///home/gr33n/.local/share/jupyter/runtime/nbserver-2497-open.html
    Or copy and paste one of these URLs:
        http://localhost:8888/?token=8c2839354ff5a789b764eddf26b34a7b51a800a06e2e5704
     or http://127.0.0.1:8888/?token=8c2839354ff5a789b764eddf26b34a7b51a800a06e2e5704
[NotebookApp | WARNING] Notebook notebook/01-01-SP-Car_Ads_Processing.ipynb is not trusted
[NotebookApp | INFO] Kernel started: cd348ef2-ad08-4538-b657-8ae99714bb2f
[NotebookApp | INFO] Adapting from protocol version 5.1 (kernel cd348ef2-ad08-4538-b657-8ae99714bb2f) to 5.3 (client).
[NotebookApp | INFO] Saving file at /notebook/01-01-SP-Car_Ads_Processing.ipynb
[NotebookApp | WARNING] Notebook notebook/01-01-SP-Car_Ads_Processing.ipynb is not trusted
[NotebookApp | INFO] Saving file at /notebook/01-01-SP-Car_Ads_Processing.ipynb
[NotebookApp | INFO] Saving file at /notebook/01-01-SP-Car_Ads_Processing.ipynb
[NotebookApp | INFO] Saving file at /notebook/01-01-SP-Car_Ads_Processing.ipynb
[NotebookApp | INFO] Saving file at /notebook/01-01-SP-Car_Ads_Processing.ipynb
[NotebookApp | INFO] Saving file at /notebook/01-01-SP-Car_Ads_Processing.ipynb
[NotebookApp | INFO] Saving file at /notebook/01-01-SP-Car_Ads_Processing.ipynb
[NotebookApp | INFO] Saving file at /notebook/01-01-SP-Car_Ads_Processing.ipynb
[NotebookApp | INFO] Saving file at /notebook/01-01-SP-Car_Ads_Processing.ipynb
[NotebookApp | INFO] Saving file at /notebook/01-01-SP-Car_Ads_Processing.ipynb
[NotebookApp | INFO] Saving file at /notebook/01-01-SP-Car_Ads_Processing.ipynb
[NotebookApp | INFO] Saving file at /notebook/01-01-SP-Car_Ads_Processing.ipynb
[NotebookApp | INFO] Saving file at /notebook/01-01-SP-Car_Ads_Processing.ipynb
[NotebookApp | INFO] Saving file at /notebook/01-01-SP-Car_Ads_Processing.ipynb
[NotebookApp | INFO] Starting buffering for cd348ef2-ad08-4538-b657-8ae99714bb2f:2aedef0d49ea418282fa6694961b3196
[NotebookApp | INFO] Kernel restarted: cd348ef2-ad08-4538-b657-8ae99714bb2f
[NotebookApp | INFO] Adapting from protocol version 5.1 (kernel cd348ef2-ad08-4538-b657-8ae99714bb2f) to 5.3 (client).
[NotebookApp | INFO] Restoring connection for cd348ef2-ad08-4538-b657-8ae99714bb2f:2aedef0d49ea418282fa6694961b3196
[NotebookApp | INFO] Replaying 9 buffered messages
[NotebookApp | INFO] Saving file at /notebook/01-01-SP-Car_Ads_Processing.ipynb
[NotebookApp | INFO] Saving file at /notebook/01-01-SP-Car_Ads_Processing.ipynb
[NotebookApp | INFO] Saving file at /notebook/01-01-SP-Car_Ads_Processing.ipynb
[NotebookApp | INFO] Saving file at /notebook/01-01-SP-Car_Ads_Processing.ipynb
[NotebookApp | WARNING] No nbgrader_config.py file found (rerun with --debug to see where nbgrader is looking)
[NotebookApp | INFO] Loading the validate_assignment nbgrader serverextension
[NotebookApp | INFO] Serving notebooks from local directory: /Fusemachines/Training/Project methodology training/Emotion_detection
[NotebookApp | INFO] The Jupyter Notebook is running at:
[NotebookApp | INFO] http://localhost:8888/?token=3af9083a6f1e879ca9e664bf09711f6075c1929985f69a48
[NotebookApp | INFO]  or http://127.0.0.1:8888/?token=3af9083a6f1e879ca9e664bf09711f6075c1929985f69a48
[NotebookApp | INFO] Use Control-C to stop this server and shut down all kernels (twice to skip confirmation).
[NotebookApp | CRITICAL] 
    
    To access the notebook, open this file in a browser:
        file:///home/gr33n/.local/share/jupyter/runtime/nbserver-2421-open.html
    Or copy and paste one of these URLs:
        http://localhost:8888/?token=3af9083a6f1e879ca9e664bf09711f6075c1929985f69a48
     or http://127.0.0.1:8888/?token=3af9083a6f1e879ca9e664bf09711f6075c1929985f69a48
[NotebookApp | INFO] Kernel started: 2a2dd23c-e1db-4552-a43e-229fbf3842d5
[NotebookApp | INFO] Adapting from protocol version 5.1 (kernel 2a2dd23c-e1db-4552-a43e-229fbf3842d5) to 5.3 (client).
[NotebookApp | INFO] Starting buffering for 2a2dd23c-e1db-4552-a43e-229fbf3842d5:38675925297c400495e2e8619475e0bc
[NotebookApp | INFO] Kernel restarted: 2a2dd23c-e1db-4552-a43e-229fbf3842d5
[NotebookApp | INFO] Adapting from protocol version 5.1 (kernel 2a2dd23c-e1db-4552-a43e-229fbf3842d5) to 5.3 (client).
[NotebookApp | INFO] Restoring connection for 2a2dd23c-e1db-4552-a43e-229fbf3842d5:38675925297c400495e2e8619475e0bc
[NotebookApp | INFO] Replaying 1 buffered messages
[NotebookApp | INFO] Saving file at /notebook/01-01-SP-Car_Ads_Processing.ipynb
[NotebookApp | INFO] Saving file at /notebook/01-01-SP-Car_Ads_Processing.ipynb
[NotebookApp | INFO] Saving file at /notebook/01-01-SP-Car_Ads_Processing.ipynb
[NotebookApp | INFO] Saving file at /notebook/01-01-SP-Car_Ads_Processing.ipynb
[NotebookApp | INFO] Saving file at /notebook/01-01-SP-Car_Ads_Processing.ipynb
[NotebookApp | INFO] Saving file at /notebook/01-01-SP-Car_Ads_Processing.ipynb
[NotebookApp | INFO] Saving file at /notebook/01-01-SP-Car_Ads_Processing.ipynb
[NotebookApp | INFO] Saving file at /notebook/01-01-SP-Car_Ads_Processing.ipynb
[NotebookApp | INFO] Saving file at /notebook/01-01-SP-Car_Ads_Processing.ipynb
[NotebookApp | INFO] Saving file at /notebook/01-01-SP-Car_Ads_Processing.ipynb
[NotebookApp | INFO] Saving file at /notebook/01-01-SP-Car_Ads_Processing.ipynb
[NotebookApp | INFO] Saving file at /notebook/01-01-SP-Car_Ads_Processing.ipynb
[NotebookApp | INFO] Saving file at /notebook/01-01-SP-Car_Ads_Processing.ipynb
[NotebookApp | WARNING] No nbgrader_config.py file found (rerun with --debug to see where nbgrader is looking)
[NotebookApp | INFO] Loading the validate_assignment nbgrader serverextension
[NotebookApp | INFO] Serving notebooks from local directory: /Fusemachines/Training/Project methodology training/Emotion_detection
[NotebookApp | INFO] The Jupyter Notebook is running at:
[NotebookApp | INFO] http://localhost:8888/?token=35c397f7fab52a6cea50504a2350904a1456723e1736fd51
[NotebookApp | INFO]  or http://127.0.0.1:8888/?token=35c397f7fab52a6cea50504a2350904a1456723e1736fd51
[NotebookApp | INFO] Use Control-C to stop this server and shut down all kernels (twice to skip confirmation).
[NotebookApp | CRITICAL] 
    
    To access the notebook, open this file in a browser:
        file:///home/gr33n/.local/share/jupyter/runtime/nbserver-2449-open.html
    Or copy and paste one of these URLs:
        http://localhost:8888/?token=35c397f7fab52a6cea50504a2350904a1456723e1736fd51
     or http://127.0.0.1:8888/?token=35c397f7fab52a6cea50504a2350904a1456723e1736fd51
[NotebookApp | WARNING] Notebook notebook/01-01-SP-Car_Ads_Processing.ipynb is not trusted
[NotebookApp | INFO] Kernel started: 4d87c34d-7e74-4e00-8efa-4066ebff2ee6
[NotebookApp | INFO] Adapting from protocol version 5.1 (kernel 4d87c34d-7e74-4e00-8efa-4066ebff2ee6) to 5.3 (client).
[NotebookApp | INFO] Saving file at /notebook/01-01-SP-Car_Ads_Processing.ipynb
[NotebookApp | INFO] Saving file at /notebook/01-01-SP-Car_Ads_Processing.ipynb
[NotebookApp | INFO] Saving file at /notebook/01-01-SP-Car_Ads_Processing.ipynb
[NotebookApp | INFO] Saving file at /notebook/01-01-SP-Car_Ads_Processing.ipynb
[NotebookApp | INFO] Saving file at /notebook/01-01-SP-Car_Ads_Processing.ipynb
[NotebookApp | INFO] Saving file at /notebook/01-01-SP-Car_Ads_Processing.ipynb
[NotebookApp | INFO] Saving file at /notebook/01-01-SP-Car_Ads_Processing.ipynb
[NotebookApp | INFO] Saving file at /notebook/01-01-SP-Car_Ads_Processing.ipynb
[NotebookApp | INFO] Starting buffering for 4d87c34d-7e74-4e00-8efa-4066ebff2ee6:81c5fcd4a4354f4ab64efd8e95c54385
[NotebookApp | INFO] interrupted
[NotebookApp | CRITICAL] Shutdown confirmed
[NotebookApp | INFO] Shutting down 1 kernel
[NotebookApp | INFO] Kernel shutdown: 4d87c34d-7e74-4e00-8efa-4066ebff2ee6
[NotebookApp | WARNING] No nbgrader_config.py file found (rerun with --debug to see where nbgrader is looking)
[NotebookApp | INFO] Loading the validate_assignment nbgrader serverextension
[NotebookApp | INFO] Serving notebooks from local directory: /Fusemachines/Training/Project methodology training/Emotion_detection
[NotebookApp | INFO] The Jupyter Notebook is running at:
[NotebookApp | INFO] http://localhost:8888/?token=abe1641254ed184752d8dca3b011ab7f328ee1cef71df4ad
[NotebookApp | INFO]  or http://127.0.0.1:8888/?token=abe1641254ed184752d8dca3b011ab7f328ee1cef71df4ad
[NotebookApp | INFO] Use Control-C to stop this server and shut down all kernels (twice to skip confirmation).
[NotebookApp | CRITICAL] 
    
    To access the notebook, open this file in a browser:
        file:///home/gr33n/.local/share/jupyter/runtime/nbserver-3974-open.html
    Or copy and paste one of these URLs:
        http://localhost:8888/?token=abe1641254ed184752d8dca3b011ab7f328ee1cef71df4ad
     or http://127.0.0.1:8888/?token=abe1641254ed184752d8dca3b011ab7f328ee1cef71df4ad
[NotebookApp | INFO] Kernel started: 1067c877-284c-48fb-826e-7a21dec2d1cd
[NotebookApp | INFO] Adapting from protocol version 5.1 (kernel 1067c877-284c-48fb-826e-7a21dec2d1cd) to 5.3 (client).
[NotebookApp | INFO] Saving file at /notebook/01-01-SP-Car_Ads_Processing.ipynb
[NotebookApp | INFO] Saving file at /notebook/01-01-SP-Car_Ads_Processing.ipynb
[NotebookApp | INFO] Saving file at /notebook/01-01-SP-Car_Ads_Processing.ipynb
[NotebookApp | INFO] Saving file at /notebook/01-01-SP-Car_Ads_Processing.ipynb
[NotebookApp | INFO] Saving file at /notebook/01-01-SP-Car_Ads_Processing.ipynb
[NotebookApp | INFO] interrupted
[NotebookApp | CRITICAL] Shutdown confirmed
[NotebookApp | INFO] Shutting down 1 kernel
[NotebookApp | INFO] Kernel shutdown: 1067c877-284c-48fb-826e-7a21dec2d1cd
[NotebookApp | WARNING] No nbgrader_config.py file found (rerun with --debug to see where nbgrader is looking)
[NotebookApp | INFO] Loading the validate_assignment nbgrader serverextension
[NotebookApp | INFO] Serving notebooks from local directory: /Fusemachines/Training/Project methodology training/Emotion_detection
[NotebookApp | INFO] The Jupyter Notebook is running at:
[NotebookApp | INFO] http://localhost:8888/?token=896aa4920edd83b9097dfbbe6a04286d0ad6fedf8364d8bf
[NotebookApp | INFO]  or http://127.0.0.1:8888/?token=896aa4920edd83b9097dfbbe6a04286d0ad6fedf8364d8bf
[NotebookApp | INFO] Use Control-C to stop this server and shut down all kernels (twice to skip confirmation).
[NotebookApp | CRITICAL] 
    
    To access the notebook, open this file in a browser:
        file:///home/gr33n/.local/share/jupyter/runtime/nbserver-7662-open.html
    Or copy and paste one of these URLs:
        http://localhost:8888/?token=896aa4920edd83b9097dfbbe6a04286d0ad6fedf8364d8bf
     or http://127.0.0.1:8888/?token=896aa4920edd83b9097dfbbe6a04286d0ad6fedf8364d8bf
[NotebookApp | WARNING] Notebook notebook/Car-ads.ipynb is not trusted
[NotebookApp | INFO] Kernel started: 063758c0-9c59-4a40-8267-c622ea36e748
[NotebookApp | INFO] Adapting from protocol version 5.1 (kernel 063758c0-9c59-4a40-8267-c622ea36e748) to 5.3 (client).
[NotebookApp | INFO] Saving file at /notebook/Car-ads.ipynb
[NotebookApp | WARNING] Notebook notebook/Car-ads.ipynb is not trusted
[NotebookApp | INFO] Kernel started: b4b19957-2239-4e16-b8b2-b9686ea41404
[NotebookApp | INFO] Adapting from protocol version 5.1 (kernel b4b19957-2239-4e16-b8b2-b9686ea41404) to 5.3 (client).
[NotebookApp | INFO] Starting buffering for 063758c0-9c59-4a40-8267-c622ea36e748:7f9784620f564d4891dcdc8036c3cd7a
[NotebookApp | INFO] Starting buffering for b4b19957-2239-4e16-b8b2-b9686ea41404:796a0395068344d18120e30199d3acc2
[NotebookApp | INFO] 302 GET / (127.0.0.1) 0.68ms
[NotebookApp | INFO] Adapting from protocol version 5.1 (kernel b4b19957-2239-4e16-b8b2-b9686ea41404) to 5.3 (client).
[NotebookApp | WARNING] Notebook notebook/Car-ads.ipynb is not trusted
[NotebookApp | INFO] Adapting from protocol version 5.1 (kernel 063758c0-9c59-4a40-8267-c622ea36e748) to 5.3 (client).
[NotebookApp | INFO] Starting buffering for 063758c0-9c59-4a40-8267-c622ea36e748:adb2ab4d2fb1443b993d1c62ab50fd9f
[NotebookApp | WARNING] No nbgrader_config.py file found (rerun with --debug to see where nbgrader is looking)
[NotebookApp | INFO] Loading the validate_assignment nbgrader serverextension
[NotebookApp | INFO] Serving notebooks from local directory: /Fusemachines/Training/Project methodology training/Emotion_detection
[NotebookApp | INFO] The Jupyter Notebook is running at:
[NotebookApp | INFO] http://localhost:8888/?token=c477122cefdca4ccea0e0b9338c79bb4b8a2609712573fbf
[NotebookApp | INFO]  or http://127.0.0.1:8888/?token=c477122cefdca4ccea0e0b9338c79bb4b8a2609712573fbf
[NotebookApp | INFO] Use Control-C to stop this server and shut down all kernels (twice to skip confirmation).
[NotebookApp | CRITICAL] 
    
    To access the notebook, open this file in a browser:
        file:///home/gr33n/.local/share/jupyter/runtime/nbserver-2413-open.html
    Or copy and paste one of these URLs:
        http://localhost:8888/?token=c477122cefdca4ccea0e0b9338c79bb4b8a2609712573fbf
     or http://127.0.0.1:8888/?token=c477122cefdca4ccea0e0b9338c79bb4b8a2609712573fbf
[NotebookApp | INFO] Kernel started: fa93510b-5ba9-4478-9326-1e18fe7d011b
[NotebookApp | INFO] Adapting from protocol version 5.1 (kernel fa93510b-5ba9-4478-9326-1e18fe7d011b) to 5.3 (client).
[NotebookApp | WARNING] Notebook notebook/Car-ads.ipynb is not trusted
[NotebookApp | INFO] Kernel started: 7e0572a1-5d61-4547-9c3d-740a58243b28
[NotebookApp | INFO] Adapting from protocol version 5.1 (kernel 7e0572a1-5d61-4547-9c3d-740a58243b28) to 5.3 (client).
[NotebookApp | INFO] Saving file at /notebook/01-01-SP-Car_Ads_Processing.ipynb
[NotebookApp | INFO] Saving file at /notebook/01-01-SP-Car_Ads_Processing.ipynb
[NotebookApp | INFO] Saving file at /notebook/01-01-SP-Car_Ads_Processing.ipynb
[NotebookApp | INFO] Saving file at /notebook/01-01-SP-Car_Ads_Processing.ipynb
[NotebookApp | INFO] Saving file at /notebook/01-01-SP-Car_Ads_Processing.ipynb
[NotebookApp | INFO] Starting buffering for fa93510b-5ba9-4478-9326-1e18fe7d011b:9af76f33d7a74fcf828840613199c000
[NotebookApp | INFO] Kernel restarted: fa93510b-5ba9-4478-9326-1e18fe7d011b
[NotebookApp | INFO] Adapting from protocol version 5.1 (kernel fa93510b-5ba9-4478-9326-1e18fe7d011b) to 5.3 (client).
[NotebookApp | INFO] Restoring connection for fa93510b-5ba9-4478-9326-1e18fe7d011b:9af76f33d7a74fcf828840613199c000
[NotebookApp | INFO] Replaying 3 buffered messages
[NotebookApp | INFO] Saving file at /notebook/01-01-SP-Car_Ads_Processing.ipynb
[NotebookApp | INFO] Saving file at /notebook/01-01-SP-Car_Ads_Processing.ipynb
[NotebookApp | INFO] Saving file at /notebook/01-01-SP-Car_Ads_Processing.ipynb
[NotebookApp | INFO] Saving file at /notebook/01-01-SP-Car_Ads_Processing.ipynb
[NotebookApp | INFO] Saving file at /notebook/01-01-SP-Car_Ads_Processing.ipynb
[NotebookApp | INFO] Saving file at /notebook/01-01-SP-Car_Ads_Processing.ipynb
[NotebookApp | INFO] Saving file at /notebook/01-01-SP-Car_Ads_Processing.ipynb
[NotebookApp | INFO] Saving file at /notebook/01-01-SP-Car_Ads_Processing.ipynb
[NotebookApp | INFO] Saving file at /notebook/01-01-SP-Car_Ads_Processing.ipynb
[NotebookApp | INFO] Starting buffering for fa93510b-5ba9-4478-9326-1e18fe7d011b:9af76f33d7a74fcf828840613199c000
[NotebookApp | INFO] Kernel restarted: fa93510b-5ba9-4478-9326-1e18fe7d011b
[NotebookApp | INFO] Adapting from protocol version 5.1 (kernel fa93510b-5ba9-4478-9326-1e18fe7d011b) to 5.3 (client).
[NotebookApp | INFO] Restoring connection for fa93510b-5ba9-4478-9326-1e18fe7d011b:9af76f33d7a74fcf828840613199c000
[NotebookApp | INFO] Replaying 6 buffered messages
[NotebookApp | INFO] Saving file at /notebook/01-01-SP-Car_Ads_Processing.ipynb
[NotebookApp | INFO] Saving file at /notebook/01-01-SP-Car_Ads_Processing.ipynb
[NotebookApp | INFO] Saving file at /notebook/01-01-SP-Car_Ads_Processing.ipynb
[NotebookApp | INFO] Saving file at /notebook/01-01-SP-Car_Ads_Processing.ipynb
[NotebookApp | INFO] Saving file at /notebook/01-01-SP-Car_Ads_Processing.ipynb
[NotebookApp | INFO] Saving file at /notebook/01-01-SP-Car_Ads_Processing.ipynb
[NotebookApp | INFO] Saving file at /notebook/01-01-SP-Car_Ads_Processing.ipynb
[NotebookApp | INFO] Saving file at /notebook/01-01-SP-Car_Ads_Processing.ipynb
[NotebookApp | INFO] Saving file at /notebook/01-01-SP-Car_Ads_Processing.ipynb
[NotebookApp | WARNING] No nbgrader_config.py file found (rerun with --debug to see where nbgrader is looking)
[NotebookApp | INFO] Loading the validate_assignment nbgrader serverextension
[NotebookApp | INFO] Serving notebooks from local directory: /Fusemachines/Training/Project methodology training/Emotion_detection
[NotebookApp | INFO] The Jupyter Notebook is running at:
[NotebookApp | INFO] http://localhost:8888/?token=4f1fc17a559bf95bb497625a24657569cd157fb93e65c150
[NotebookApp | INFO]  or http://127.0.0.1:8888/?token=4f1fc17a559bf95bb497625a24657569cd157fb93e65c150
[NotebookApp | INFO] Use Control-C to stop this server and shut down all kernels (twice to skip confirmation).
[NotebookApp | CRITICAL] 
    
    To access the notebook, open this file in a browser:
        file:///home/gr33n/.local/share/jupyter/runtime/nbserver-2066-open.html
    Or copy and paste one of these URLs:
        http://localhost:8888/?token=4f1fc17a559bf95bb497625a24657569cd157fb93e65c150
     or http://127.0.0.1:8888/?token=4f1fc17a559bf95bb497625a24657569cd157fb93e65c150
[NotebookApp | INFO] Kernel started: 13ed446e-c832-4ff7-957e-565ad48c024c
[NotebookApp | INFO] Adapting from protocol version 5.1 (kernel 13ed446e-c832-4ff7-957e-565ad48c024c) to 5.3 (client).
[NotebookApp | WARNING] Notebook notebook/Car-ads.ipynb is not trusted
[NotebookApp | INFO] Kernel started: 38f906a5-0b9c-4ec8-92c7-8b73ff240842
[NotebookApp | INFO] Adapting from protocol version 5.1 (kernel 38f906a5-0b9c-4ec8-92c7-8b73ff240842) to 5.3 (client).
[NotebookApp | INFO] Saving file at /notebook/01-01-SP-Car_Ads_Processing.ipynb
[NotebookApp | INFO] Saving file at /notebook/01-01-SP-Car_Ads_Processing.ipynb
[NotebookApp | INFO] Saving file at /notebook/01-01-SP-Car_Ads_Processing.ipynb
[NotebookApp | INFO] Saving file at /notebook/01-01-SP-Car_Ads_Processing.ipynb
[NotebookApp | INFO] Saving file at /notebook/01-01-SP-Car_Ads_Processing.ipynb
[NotebookApp | INFO] Saving file at /notebook/01-01-SP-Car_Ads_Processing.ipynb
[NotebookApp | INFO] Saving file at /notebook/01-01-SP-Car_Ads_Processing.ipynb
[NotebookApp | INFO] Saving file at /notebook/01-01-SP-Car_Ads_Processing.ipynb
[NotebookApp | INFO] Starting buffering for 13ed446e-c832-4ff7-957e-565ad48c024c:1d286b0253114b528e1aa915c7c91cd1
[NotebookApp | INFO] Kernel restarted: 13ed446e-c832-4ff7-957e-565ad48c024c
[NotebookApp | INFO] Adapting from protocol version 5.1 (kernel 13ed446e-c832-4ff7-957e-565ad48c024c) to 5.3 (client).
[NotebookApp | INFO] Restoring connection for 13ed446e-c832-4ff7-957e-565ad48c024c:1d286b0253114b528e1aa915c7c91cd1
[NotebookApp | INFO] Replaying 3 buffered messages
[NotebookApp | INFO] Saving file at /notebook/01-01-SP-Car_Ads_Processing.ipynb
[NotebookApp | INFO] Saving file at /notebook/01-01-SP-Car_Ads_Processing.ipynb
[NotebookApp | INFO] Saving file at /notebook/01-01-SP-Car_Ads_Processing.ipynb
[NotebookApp | INFO] Saving file at /notebook/01-01-SP-Car_Ads_Processing.ipynb
[NotebookApp | INFO] Saving file at /notebook/01-01-SP-Car_Ads_Processing.ipynb
[NotebookApp | INFO] Saving file at /notebook/01-01-SP-Car_Ads_Processing.ipynb
[NotebookApp | INFO] Saving file at /notebook/01-01-SP-Car_Ads_Processing.ipynb
[NotebookApp | INFO] Saving file at /notebook/01-01-SP-Car_Ads_Processing.ipynb
[NotebookApp | INFO] Saving file at /notebook/01-01-SP-Car_Ads_Processing.ipynb
[NotebookApp | INFO] Saving file at /notebook/01-01-SP-Car_Ads_Processing.ipynb
[NotebookApp | INFO] Saving file at /notebook/01-01-SP-Car_Ads_Processing.ipynb
[NotebookApp | INFO] Starting buffering for 13ed446e-c832-4ff7-957e-565ad48c024c:1d286b0253114b528e1aa915c7c91cd1
[NotebookApp | INFO] Kernel restarted: 13ed446e-c832-4ff7-957e-565ad48c024c
[NotebookApp | INFO] Adapting from protocol version 5.1 (kernel 13ed446e-c832-4ff7-957e-565ad48c024c) to 5.3 (client).
[NotebookApp | INFO] Restoring connection for 13ed446e-c832-4ff7-957e-565ad48c024c:1d286b0253114b528e1aa915c7c91cd1
[NotebookApp | INFO] Replaying 3 buffered messages
[NotebookApp | INFO] Saving file at /notebook/01-01-SP-Car_Ads_Processing.ipynb
[NotebookApp | INFO] Saving file at /notebook/01-01-SP-Car_Ads_Processing.ipynb
[NotebookApp | INFO] Saving file at /notebook/01-01-SP-Car_Ads_Processing.ipynb
[NotebookApp | INFO] Saving file at /notebook/01-01-SP-Car_Ads_Processing.ipynb
[NotebookApp | INFO] Saving file at /notebook/01-01-SP-Car_Ads_Processing.ipynb
[NotebookApp | INFO] Saving file at /notebook/01-01-SP-Car_Ads_Processing.ipynb
[NotebookApp | INFO] Saving file at /notebook/01-01-SP-Car_Ads_Processing.ipynb
[NotebookApp | INFO] Saving file at /notebook/01-01-SP-Car_Ads_Processing.ipynb
[NotebookApp | INFO] Saving file at /notebook/01-01-SP-Car_Ads_Processing.ipynb
[NotebookApp | INFO] Starting buffering for 13ed446e-c832-4ff7-957e-565ad48c024c:1d286b0253114b528e1aa915c7c91cd1
[NotebookApp | INFO] Kernel restarted: 13ed446e-c832-4ff7-957e-565ad48c024c
[NotebookApp | INFO] Adapting from protocol version 5.1 (kernel 13ed446e-c832-4ff7-957e-565ad48c024c) to 5.3 (client).
[NotebookApp | INFO] Restoring connection for 13ed446e-c832-4ff7-957e-565ad48c024c:1d286b0253114b528e1aa915c7c91cd1
[NotebookApp | INFO] Replaying 2 buffered messages
[NotebookApp | INFO] Saving file at /notebook/01-01-SP-Car_Ads_Processing.ipynb
[NotebookApp | INFO] Saving file at /notebook/01-01-SP-Car_Ads_Processing.ipynb
[NotebookApp | INFO] Saving file at /notebook/01-01-SP-Car_Ads_Processing.ipynb
[NotebookApp | INFO] Saving file at /notebook/01-01-SP-Car_Ads_Processing.ipynb
[NotebookApp | INFO] Saving file at /notebook/01-01-SP-Car_Ads_Processing.ipynb
[NotebookApp | INFO] Saving file at /notebook/01-01-SP-Car_Ads_Processing.ipynb
[NotebookApp | INFO] Saving file at /notebook/01-01-SP-Car_Ads_Processing.ipynb
[NotebookApp | INFO] Saving file at /notebook/01-01-SP-Car_Ads_Processing.ipynb
[NotebookApp | INFO] Saving file at /notebook/01-01-SP-Car_Ads_Processing.ipynb
[NotebookApp | INFO] Saving file at /notebook/01-01-SP-Car_Ads_Processing.ipynb
[NotebookApp | INFO] Saving file at /notebook/01-01-SP-Car_Ads_Processing.ipynb
[NotebookApp | INFO] Saving file at /notebook/01-01-SP-Car_Ads_Processing.ipynb
[NotebookApp | INFO] Saving file at /notebook/01-01-SP-Car_Ads_Processing.ipynb
[NotebookApp | INFO] Saving file at /notebook/01-01-SP-Car_Ads_Processing.ipynb
[NotebookApp | INFO] Saving file at /notebook/01-01-SP-Car_Ads_Processing.ipynb
[NotebookApp | INFO] Saving file at /notebook/01-01-SP-Car_Ads_Processing.ipynb
[NotebookApp | INFO] Saving file at /notebook/01-01-SP-Car_Ads_Processing.ipynb
[NotebookApp | INFO] Saving file at /notebook/01-01-SP-Car_Ads_Processing.ipynb
[NotebookApp | INFO] Saving file at /notebook/01-01-SP-Car_Ads_Processing.ipynb
[NotebookApp | INFO] Saving file at /notebook/01-01-SP-Car_Ads_Processing.ipynb
[NotebookApp | INFO] Saving file at /notebook/01-01-SP-Car_Ads_Processing.ipynb
[NotebookApp | INFO] Saving file at /notebook/01-01-SP-Car_Ads_Processing.ipynb
[NotebookApp | INFO] Saving file at /notebook/01-01-SP-Car_Ads_Processing.ipynb
[NotebookApp | INFO] Saving file at /notebook/01-01-SP-Car_Ads_Processing.ipynb
[NotebookApp | INFO] Saving file at /notebook/01-01-SP-Car_Ads_Processing.ipynb
[NotebookApp | INFO] Saving file at /notebook/01-01-SP-Car_Ads_Processing.ipynb
[NotebookApp | INFO] Saving file at /notebook/01-01-SP-Car_Ads_Processing.ipynb
[NotebookApp | INFO] Saving file at /notebook/01-01-SP-Car_Ads_Processing.ipynb
[NotebookApp | INFO] Saving file at /notebook/01-01-SP-Car_Ads_Processing.ipynb
[NotebookApp | INFO] Saving file at /notebook/01-01-SP-Car_Ads_Processing.ipynb
[NotebookApp | INFO] Saving file at /notebook/01-01-SP-Car_Ads_Processing.ipynb
[NotebookApp | INFO] Saving file at /notebook/01-01-SP-Car_Ads_Processing.ipynb
[NotebookApp | INFO] Saving file at /notebook/01-01-SP-Car_Ads_Processing.ipynb
[NotebookApp | INFO] Saving file at /notebook/01-01-SP-Car_Ads_Processing.ipynb
[NotebookApp | INFO] Saving file at /notebook/01-01-SP-Car_Ads_Processing.ipynb
[NotebookApp | INFO] Saving file at /notebook/01-01-SP-Car_Ads_Processing.ipynb
[NotebookApp | INFO] Starting buffering for 13ed446e-c832-4ff7-957e-565ad48c024c:1d286b0253114b528e1aa915c7c91cd1
[NotebookApp | INFO] Kernel restarted: 13ed446e-c832-4ff7-957e-565ad48c024c
[NotebookApp | INFO] Adapting from protocol version 5.1 (kernel 13ed446e-c832-4ff7-957e-565ad48c024c) to 5.3 (client).
[NotebookApp | INFO] Restoring connection for 13ed446e-c832-4ff7-957e-565ad48c024c:1d286b0253114b528e1aa915c7c91cd1
[NotebookApp | INFO] Replaying 6 buffered messages
[NotebookApp | INFO] Saving file at /notebook/01-01-SP-Car_Ads_Processing.ipynb
[NotebookApp | INFO] Saving file at /notebook/01-01-SP-Car_Ads_Processing.ipynb
[NotebookApp | INFO] Saving file at /notebook/01-01-SP-Car_Ads_Processing.ipynb
[NotebookApp | INFO] Saving file at /notebook/01-01-SP-Car_Ads_Processing.ipynb
[NotebookApp | INFO] Saving file at /notebook/01-01-SP-Car_Ads_Processing.ipynb
[NotebookApp | INFO] Saving file at /notebook/01-01-SP-Car_Ads_Processing.ipynb
[NotebookApp | INFO] Saving file at /notebook/01-01-SP-Car_Ads_Processing.ipynb
[NotebookApp | INFO] Saving file at /notebook/01-01-SP-Car_Ads_Processing.ipynb
[NotebookApp | INFO] Saving file at /notebook/01-01-SP-Car_Ads_Processing.ipynb
[NotebookApp | INFO] Saving file at /notebook/01-01-SP-Car_Ads_Processing.ipynb
[NotebookApp | INFO] Saving file at /notebook/01-01-SP-Car_Ads_Processing.ipynb
[NotebookApp | INFO] Saving file at /notebook/01-01-SP-Car_Ads_Processing.ipynb
[NotebookApp | INFO] Saving file at /notebook/01-01-SP-Car_Ads_Processing.ipynb
[NotebookApp | INFO] Saving file at /notebook/01-01-SP-Car_Ads_Processing.ipynb
[NotebookApp | INFO] Saving file at /notebook/01-01-SP-Car_Ads_Processing.ipynb
[NotebookApp | INFO] Saving file at /notebook/01-01-SP-Car_Ads_Processing.ipynb
[NotebookApp | INFO] Saving file at /notebook/01-01-SP-Car_Ads_Processing.ipynb
[NotebookApp | INFO] Saving file at /notebook/01-01-SP-Car_Ads_Processing.ipynb
[NotebookApp | INFO] Saving file at /notebook/01-01-SP-Car_Ads_Processing.ipynb
[NotebookApp | INFO] Saving file at /notebook/01-01-SP-Car_Ads_Processing.ipynb
[NotebookApp | INFO] Saving file at /notebook/01-01-SP-Car_Ads_Processing.ipynb
[NotebookApp | INFO] Saving file at /notebook/01-01-SP-Car_Ads_Processing.ipynb
[NotebookApp | INFO] Saving file at /notebook/01-01-SP-Car_Ads_Processing.ipynb
[NotebookApp | INFO] Saving file at /notebook/01-01-SP-Car_Ads_Processing.ipynb
[NotebookApp | INFO] Saving file at /notebook/01-01-SP-Car_Ads_Processing.ipynb
[NotebookApp | INFO] Starting buffering for 13ed446e-c832-4ff7-957e-565ad48c024c:1d286b0253114b528e1aa915c7c91cd1
[NotebookApp | INFO] Kernel restarted: 13ed446e-c832-4ff7-957e-565ad48c024c
[NotebookApp | INFO] Adapting from protocol version 5.1 (kernel 13ed446e-c832-4ff7-957e-565ad48c024c) to 5.3 (client).
[NotebookApp | INFO] Restoring connection for 13ed446e-c832-4ff7-957e-565ad48c024c:1d286b0253114b528e1aa915c7c91cd1
[NotebookApp | INFO] Replaying 5 buffered messages
[NotebookApp | INFO] Starting buffering for 38f906a5-0b9c-4ec8-92c7-8b73ff240842:c6966e4be3cb4d429d8767d610a01556
[NotebookApp | INFO] Saving file at /notebook/01-01-SP-Car_Ads_Processing.ipynb
[NotebookApp | INFO] Saving file at /notebook/01-01-SP-Car_Ads_Processing.ipynb
[NotebookApp | INFO] Saving file at /notebook/01-01-SP-Car_Ads_Processing.ipynb
[NotebookApp | INFO] KernelRestarter: restarting kernel (1/5), keep random ports
[NotebookApp | INFO] Saving file at /notebook/01-01-SP-Car_Ads_Processing.ipynb
[NotebookApp | INFO] interrupted
[NotebookApp | CRITICAL] Shutdown confirmed
[NotebookApp | INFO] Shutting down 2 kernels
[NotebookApp | INFO] Kernel shutdown: 13ed446e-c832-4ff7-957e-565ad48c024c
[NotebookApp | INFO] Kernel shutdown: 38f906a5-0b9c-4ec8-92c7-8b73ff240842
[NotebookApp | WARNING] No nbgrader_config.py file found (rerun with --debug to see where nbgrader is looking)
[NotebookApp | INFO] Loading the validate_assignment nbgrader serverextension
[NotebookApp | INFO] Serving notebooks from local directory: /Fusemachines/Training/Project methodology training/Emotion_detection
[NotebookApp | INFO] The Jupyter Notebook is running at:
[NotebookApp | INFO] http://localhost:8888/?token=977622355293ac36183cc093ff82ce09c922ee87748dea9c
[NotebookApp | INFO]  or http://127.0.0.1:8888/?token=977622355293ac36183cc093ff82ce09c922ee87748dea9c
[NotebookApp | INFO] Use Control-C to stop this server and shut down all kernels (twice to skip confirmation).
[NotebookApp | CRITICAL] 
    
    To access the notebook, open this file in a browser:
        file:///home/gr33n/.local/share/jupyter/runtime/nbserver-18668-open.html
    Or copy and paste one of these URLs:
        http://localhost:8888/?token=977622355293ac36183cc093ff82ce09c922ee87748dea9c
     or http://127.0.0.1:8888/?token=977622355293ac36183cc093ff82ce09c922ee87748dea9c
[NotebookApp | WARNING] Notebook notebook/01-01-SP-Car_Ads_Processing.ipynb is not trusted
[NotebookApp | INFO] Kernel started: 7aedd0f1-b733-4cd0-9c4e-bcd2bbdda454
[NotebookApp | INFO] Adapting from protocol version 5.1 (kernel 7aedd0f1-b733-4cd0-9c4e-bcd2bbdda454) to 5.3 (client).
[NotebookApp | INFO] Saving file at /notebook/01-01-SP-Car_Ads_Processing.ipynb
[NotebookApp | WARNING] Notebook notebook/01-01-SP-Car_Ads_Processing.ipynb is not trusted
[NotebookApp | INFO] Saving file at /notebook/01-01-SP-Car_Ads_Processing.ipynb
[NotebookApp | WARNING] Notebook notebook/01-01-SP-Car_Ads_Processing.ipynb is not trusted
[NotebookApp | INFO] Saving file at /notebook/01-01-SP-Car_Ads_Processing.ipynb
[NotebookApp | WARNING] Notebook notebook/01-01-SP-Car_Ads_Processing.ipynb is not trusted
[NotebookApp | INFO] Saving file at /notebook/01-01-SP-Car_Ads_Processing.ipynb
[NotebookApp | INFO] Saving file at /notebook/01-01-SP-Car_Ads_Processing.ipynb
[NotebookApp | INFO] Saving file at /notebook/01-01-SP-Car_Ads_Processing.ipynb
[NotebookApp | INFO] Saving file at /notebook/01-01-SP-Car_Ads_Processing.ipynb
[NotebookApp | INFO] interrupted
[NotebookApp | CRITICAL] Shutdown confirmed
[NotebookApp | INFO] Shutting down 1 kernel
[NotebookApp | INFO] Kernel shutdown: 7aedd0f1-b733-4cd0-9c4e-bcd2bbdda454
